<?xml version="1.0" encoding="UTF-8"?>
<testsuite xmlns:xsi="http://www.w3.org/2001/XMLSchema-instance" xsi:noNamespaceSchemaLocation="https://maven.apache.org/surefire/maven-surefire-plugin/xsd/surefire-test-report.xsd" name="io.mosip.esignet.plugin.ida.helper.VCITransactionHelperTest" time="0.009" tests="2" errors="0" skipped="0" failures="0">
  <properties>
[...]
</properties>
  <testcase name="getOAuthTransactionWithValidDetails_thenPass" classname="io.mosip.esignet.plugin.ida.helper.VCITransactionHelperTest" time="0.008"/>
  <testcase name="getOAuthTransactionWithInValidDetails_thenFail" classname="io.mosip.esignet.plugin.ida.helper.VCITransactionHelperTest" time="0.001"/>
</testsuite>